<?xml version="1.0" encoding="UTF-8"?>
<!-- Generated by org.testng.reporters.JUnitReportReporter -->
<testsuite hostname="AkhilaLaptop" failures="0" tests="2" name="com.pages.HomePageTest" time="77.559" errors="0" timestamp="03 Feb 2023 23:11:37 GMT" skipped="0">
  <testcase classname="com.pages.HomePageTest" name="dashboardDisplayTest" time="29.423"/>
  <testcase classname="com.pages.HomePageTest" name="logutButtonDisplayTest" time="48.136"/>
</testsuite> <!-- com.pages.HomePageTest -->
