<?xml version="1.0" encoding="UTF-8"?>
<!-- Generated by org.testng.reporters.JUnitReportReporter -->
<testsuite hostname="AkhilaLaptop" failures="0" tests="2" name="com.tests.LoginPageTest" time="51.222" errors="0" timestamp="03 Feb 2023 23:39:44 GMT" skipped="0">
  <testcase classname="com.tests.LoginPageTest" name="loginHeadingDisplayTest" time="25.910"/>
  <testcase classname="com.tests.LoginPageTest" name="loginButtonDisplayTest" time="25.312"/>
</testsuite> <!-- com.tests.LoginPageTest -->
