<?xml version="1.0" encoding="UTF-8"?>
<!-- Generated by org.testng.reporters.JUnitReportReporter -->
<testsuite hostname="AkhilaLaptop" failures="0" tests="2" name="com.tests.HomePageTest" time="85.295" errors="0" timestamp="03 Feb 2023 23:39:44 GMT" skipped="0">
  <testcase classname="com.tests.HomePageTest" name="logutButtonDisplayTest" time="31.493"/>
  <testcase classname="com.tests.HomePageTest" name="dashboardDisplayTest" time="53.802"/>
</testsuite> <!-- com.tests.HomePageTest -->
