<?xml version="1.0" encoding="UTF-8"?>
<!-- Generated by org.testng.reporters.JUnitReportReporter -->
<testsuite hostname="AkhilaLaptop" failures="0" tests="2" name="com.pages.LoginPageTest" time="51.285" errors="0" timestamp="03 Feb 2023 23:11:37 GMT" skipped="0">
  <testcase classname="com.pages.LoginPageTest" name="loginHeadingDisplayTest" time="29.596"/>
  <testcase classname="com.pages.LoginPageTest" name="loginButtonDisplayTest" time="21.689"/>
</testsuite> <!-- com.pages.LoginPageTest -->
