<?xml version="1.0" encoding="UTF-8"?>
<!-- Generated by org.testng.reporters.JUnitReportReporter -->
<testsuite skipped="0" hostname="AkhilaLaptop" name="com.pages.LoginPageTest" tests="1" failures="0" timestamp="03 Feb 2023 20:38:01 GMT" time="10.293" errors="0">
  <testcase name="loginHeadingDisplayTest" time="10.293" classname="com.pages.LoginPageTest"/>
</testsuite> <!-- com.pages.LoginPageTest -->
